<?xml version="1.0" encoding="UTF-8"?>
<!-- Generated by org.testng.reporters.JUnitReportReporter -->
<testsuite skipped="0" hostname="Winstons-MBP" name="testPackage.CheckboxTest" tests="1" failures="0" timestamp="2020-07-20T17:42:15 AEST" time="7.330" errors="0">
  <testcase name="selectCheckBoxes" time="7.330" classname="testPackage.CheckboxTest"/>
  <system-out/>
</testsuite> <!-- testPackage.CheckboxTest -->
