<?xml version="1.0" encoding="UTF-8"?>
<!-- Generated by org.testng.reporters.JUnitReportReporter -->
<testsuite skipped="0" hostname="Winstons-MBP" name="testPackage.DeviantTest" tests="1" failures="0" timestamp="2020-07-14T18:08:05 AEST" time="6.907" errors="0">
  <testcase name="clickLogin" time="6.907" classname="testPackage.DeviantTest"/>
  <system-out/>
</testsuite> <!-- testPackage.DeviantTest -->
