<?xml version="1.0" encoding="UTF-8"?>
<!-- Generated by org.testng.reporters.JUnitReportReporter -->
<testsuite skipped="0" hostname="Winstons-MBP" name="testPackage.GoogleTest" tests="3" failures="0" timestamp="2020-07-09T16:24:50 AEST" time="22.838" errors="0">
  <testcase name="titleTest" time="5.381" classname="testPackage.GoogleTest"/>
  <system-out/>
  <testcase name="loginPresent" time="6.794" classname="testPackage.GoogleTest"/>
  <system-out/>
  <testcase name="clickLogin" time="10.663" classname="testPackage.GoogleTest"/>
  <system-out/>
</testsuite> <!-- testPackage.GoogleTest -->
