<?xml version="1.0" encoding="UTF-8"?>
<!-- Generated by org.testng.reporters.JUnitReportReporter -->
<testsuite hostname="Winstons-MacBook-Pro.local" failures="0" tests="1" name="testPackage.DemoTest" time="6.613" errors="0" timestamp="30 Jun 2020 03:54:23 GMT">
  <testcase classname="testPackage.DemoTest" name="test" time="6.613"/>
</testsuite> <!-- testPackage.DemoTest -->
